[debug] [2021-08-22T11:36:07.296Z] ----------------------------------------------------------------------
[debug] [2021-08-22T11:36:07.299Z] Command:       C:\Program Files\nodejs\node.exe C:\Users\admin\AppData\Roaming\npm\node_modules\firebase-tools\lib\bin\firebase.js init
[debug] [2021-08-22T11:36:07.299Z] CLI Version:   9.16.5
[debug] [2021-08-22T11:36:07.299Z] Platform:      win32
[debug] [2021-08-22T11:36:07.299Z] Node Version:  v14.16.1
[debug] [2021-08-22T11:36:07.300Z] Time:          Sun Aug 22 2021 18:36:07 GMT+0700 (Indochina Time)
[debug] [2021-08-22T11:36:07.301Z] ----------------------------------------------------------------------
[debug] 
[debug] [2021-08-22T11:36:07.310Z] > command requires scopes: ["email","openid","https://www.googleapis.com/auth/cloudplatformprojects.readonly","https://www.googleapis.com/auth/firebase","https://www.googleapis.com/auth/cloud-platform"]
[debug] [2021-08-22T11:36:07.310Z] > authorizing via signed-in user (cepat9986@gmail.com)
[info] 
     ######## #### ########  ######## ########     ###     ######  ########
     ##        ##  ##     ## ##       ##     ##  ##   ##  ##       ##
     ######    ##  ########  ######   ########  #########  ######  ######
     ##        ##  ##    ##  ##       ##     ## ##     ##       ## ##
     ##       #### ##     ## ######## ########  ##     ##  ######  ########

You're about to initialize a Firebase project in this directory:

  C:\Users\admin\OneDrive\Documents\chatroom app\ui

[info] 
=== Project Setup
[info] 
[info] First, let's associate this project directory with a Firebase project.
[info] You can create multiple project aliases by running firebase use --add, 
[info] but for now we'll just set up a default project.
[info] 
[debug] [2021-08-22T11:41:25.644Z] >>> [apiv2][query] GET https://firebase.googleapis.com/v1beta1/projects pageSize=100
[debug] [2021-08-22T11:41:26.245Z] <<< [apiv2][status] GET https://firebase.googleapis.com/v1beta1/projects 200
[debug] [2021-08-22T11:41:26.246Z] <<< [apiv2][body] GET https://firebase.googleapis.com/v1beta1/projects [omitted]
[info] i  Using project room-chat-33550 (Roomchat1212) 
[info] 
=== Hosting:github Setup
[info] 
[info] i  Detected a .git folder at C:\Users\admin\OneDrive\Documents\chatroom app\ui 
[info] i  Authorizing with GitHub to upload your service account to a GitHub repository's secrets store. 
[info] 
[info] Visit this URL on this device to log in:
[info] https://github.com/login/oauth/authorize?client_id=89cf50f02ac6aaed3484&state=765670649&redirect_uri=http%3A%2F%2Flocalhost%3A9005&scope=read%3Auser%20repo%20public_repo
[info] 
[info] Waiting for authentication...
[debug] [2021-08-22T11:46:03.274Z] >>> HTTP REQUEST POST https://github.com/login/oauth/access_token  
 {"client_id":"89cf50f02ac6aaed3484","client_secret":"3330d14abc895d9a74d5f17cd7a00711fa2c5bf0","code":"ae420a6331ef7873ef54","redirect_uri":"http://localhost:9005","state":"765670649"}
[debug] [2021-08-22T11:46:03.771Z] <<< HTTP RESPONSE 200 {"server":"GitHub.com","date":"Sun, 22 Aug 2021 11:46:03 GMT","content-type":"application/json; charset=utf-8","transfer-encoding":"chunked","vary":"X-PJAX, Accept-Encoding, Accept, X-Requested-With","permissions-policy":"interest-cohort=()","etag":"W/\"013b0eb891c8105fe34065e54a20fa4a\"","cache-control":"max-age=0, private, must-revalidate","strict-transport-security":"max-age=31536000; includeSubdomains; preload","x-frame-options":"deny","x-content-type-options":"nosniff","x-xss-protection":"0","referrer-policy":"origin-when-cross-origin, strict-origin-when-cross-origin","expect-ct":"max-age=2592000, report-uri=\"https://api.github.com/_private/browser/errors\"","content-security-policy":"default-src 'none'; base-uri 'self'; block-all-mixed-content; connect-src 'self' uploads.github.com www.githubstatus.com collector.githubapp.com api.github.com github-cloud.s3.amazonaws.com github-production-repository-file-5c1aeb.s3.amazonaws.com github-production-upload-manifest-file-7fdce7.s3.amazonaws.com github-production-user-asset-6210df.s3.amazonaws.com cdn.optimizely.com logx.optimizely.com/v1/events translator.github.com wss://alive.github.com; font-src github.githubassets.com; form-action 'self' github.com gist.github.com; frame-ancestors 'none'; frame-src render.githubusercontent.com viewscreen.githubusercontent.com; img-src 'self' data: github.githubassets.com identicons.github.com collector.githubapp.com github-cloud.s3.amazonaws.com secured-user-images.githubusercontent.com/ *.githubusercontent.com; manifest-src 'self'; media-src 'none'; script-src github.githubassets.com; style-src 'unsafe-inline' github.githubassets.com; worker-src github.com/socket-worker-3f088aa2.js gist.github.com/socket-worker-3f088aa2.js","x-github-request-id":"B2C1:151F:3EFB1A:55AB50:612238FB"}
[debug] [2021-08-22T11:46:03.774Z] >>> [apiv2][query] GET https://api.github.com/user [none]
[debug] [2021-08-22T11:46:04.389Z] <<< [apiv2][status] GET https://api.github.com/user 200
[debug] [2021-08-22T11:46:04.389Z] <<< [apiv2][body] GET https://api.github.com/user {"login":"ferdy123-cyber","id":77249134,"node_id":"MDQ6VXNlcjc3MjQ5MTM0","avatar_url":"https://avatars.githubusercontent.com/u/77249134?v=4","gravatar_id":"","url":"https://api.github.com/users/ferdy123-cyber","html_url":"https://github.com/ferdy123-cyber","followers_url":"https://api.github.com/users/ferdy123-cyber/followers","following_url":"https://api.github.com/users/ferdy123-cyber/following{/other_user}","gists_url":"https://api.github.com/users/ferdy123-cyber/gists{/gist_id}","starred_url":"https://api.github.com/users/ferdy123-cyber/starred{/owner}{/repo}","subscriptions_url":"https://api.github.com/users/ferdy123-cyber/subscriptions","organizations_url":"https://api.github.com/users/ferdy123-cyber/orgs","repos_url":"https://api.github.com/users/ferdy123-cyber/repos","events_url":"https://api.github.com/users/ferdy123-cyber/events{/privacy}","received_events_url":"https://api.github.com/users/ferdy123-cyber/received_events","type":"User","site_admin":false,"name":null,"company":null,"blog":"","location":null,"email":null,"hireable":null,"bio":null,"twitter_username":null,"public_repos":19,"public_gists":0,"followers":0,"following":0,"created_at":"2021-01-10T21:32:26Z","updated_at":"2021-08-22T11:45:17Z","private_gists":0,"total_private_repos":0,"owned_private_repos":0,"disk_usage":51836,"collaborators":0,"two_factor_authentication":false,"plan":{"name":"free","space":976562499,"collaborators":0,"private_repos":10000}}
[info] 
[info] +  Success! Logged into GitHub as ferdy123-cyber 
[info] 
[debug] [2021-08-22T11:47:11.855Z] >>> [apiv2][query] GET https://api.github.com/repos/firebase initfirebase init/actions/secrets/public-key type=owner
[debug] [2021-08-22T11:47:12.379Z] <<< [apiv2][status] GET https://api.github.com/repos/firebase initfirebase init/actions/secrets/public-key 404
[debug] [2021-08-22T11:47:12.379Z] <<< [apiv2][body] GET https://api.github.com/repos/firebase initfirebase init/actions/secrets/public-key {"message":"Not Found","documentation_url":"https://docs.github.com/rest"}
[debug] [2021-08-22T11:47:39.276Z] >>> [apiv2][query] GET https://api.github.com/repos/repository/actions/secrets/public-key type=owner
[debug] [2021-08-22T11:47:40.804Z] <<< [apiv2][status] GET https://api.github.com/repos/repository/actions/secrets/public-key 404
[debug] [2021-08-22T11:47:40.805Z] <<< [apiv2][body] GET https://api.github.com/repos/repository/actions/secrets/public-key {"message":"Not Found","documentation_url":"https://docs.github.com/rest"}
[debug] [2021-08-22T11:49:35.822Z] >>> [apiv2][query] GET https://api.github.com/repos/user/actions/secrets/public-key type=owner
[debug] [2021-08-22T11:49:37.051Z] <<< [apiv2][status] GET https://api.github.com/repos/user/actions/secrets/public-key 404
[debug] [2021-08-22T11:49:37.052Z] <<< [apiv2][body] GET https://api.github.com/repos/user/actions/secrets/public-key {"message":"Not Found","documentation_url":"https://docs.github.com/rest"}
[debug] [2021-08-22T11:49:52.095Z] >>> [apiv2][query] GET https://api.github.com/repos/deploy/actions/secrets/public-key type=owner
[debug] [2021-08-22T11:49:52.624Z] <<< [apiv2][status] GET https://api.github.com/repos/deploy/actions/secrets/public-key 404
[debug] [2021-08-22T11:49:52.625Z] <<< [apiv2][body] GET https://api.github.com/repos/deploy/actions/secrets/public-key {"message":"Not Found","documentation_url":"https://docs.github.com/rest"}
[debug] [2021-08-22T11:51:07.464Z] >>> [apiv2][query] GET https://api.github.com/repos/no/actions/secrets/public-key type=owner
[debug] [2021-08-22T11:51:07.991Z] <<< [apiv2][status] GET https://api.github.com/repos/no/actions/secrets/public-key 404
[debug] [2021-08-22T11:51:07.991Z] <<< [apiv2][body] GET https://api.github.com/repos/no/actions/secrets/public-key {"message":"Not Found","documentation_url":"https://docs.github.com/rest"}
